\standalonepreambles
\subpreamble{Sections/Intro.tex}

\endsubpreamble
\subpreamble{Sections/Background/bio.tex}

\endsubpreamble
\subpreamble{Sections/Background/electro.tex}

\endsubpreamble
\subpreamble{Sections/Background/sys.tex}

\endsubpreamble
\subpreamble{Sections/Background/code.tex}

\endsubpreamble
\subpreamble{Sections/Discusion/FitNag.tex}

\endsubpreamble
\subpreamble{Sections/Discusion/Chay.tex}

\endsubpreamble
\subpreamble{Sections/Discusion/HH.tex}

\endsubpreamble
\subpreamble{Sections/Discusion/Choice.tex}

\endsubpreamble
\subpreamble{Sections/Discusion/Coupling.tex}

\endsubpreamble
\subpreamble{Sections/Appendix.tex}

\endsubpreamble
\endstandalonepreambles
