\BOOKMARK [0][-]{chapter*.3}{\376\377\000I\000n\000t\000r\000o\000d\000u\000c\000t\000i\000o\000n}{}% 1
\BOOKMARK [-1][-]{part.1}{\376\377\000I\000\040\000T\000h\000e\000o\000r\000y}{}% 2
\BOOKMARK [0][-]{chapter.1}{\376\377\000T\000h\000e\000\040\000N\000e\000u\000r\000o\000n}{part.1}% 3
\BOOKMARK [0][-]{chapter.2}{\376\377\000E\000l\000e\000c\000t\000r\000o\000m\000a\000g\000n\000e\000t\000i\000s\000m}{part.1}% 4
\BOOKMARK [0][-]{chapter.3}{\376\377\000M\000a\000t\000h\000e\000m\000a\000t\000i\000c\000a\000l\000\040\000M\000o\000d\000e\000l\000i\000n\000g}{part.1}% 5
\BOOKMARK [0][-]{chapter.4}{\376\377\000M\000a\000t\000h\000e\000m\000a\000t\000i\000c\000a\000l\000\040\000M\000o\000d\000e\000l\000i\000n\000g}{part.1}% 6
\BOOKMARK [1][-]{section.4.1}{\376\377\000P\000h\000y\000s\000i\000o\000l\000o\000g\000i\000c\000a\000l\000\040\000P\000a\000r\000a\000m\000e\000t\000e\000r\000s}{chapter.4}% 7
\BOOKMARK [1][-]{section.4.2}{\376\377\000P\000a\000r\000a\000m\000e\000t\000e\000r\000s\000\040\000o\000f\000\040\000N\000e\000u\000r\000a\000l\000\040\000M\000o\000d\000e\000l\000s}{chapter.4}% 8
\BOOKMARK [2][-]{subsection.4.2.1}{\376\377\000O\000n\000e\000\040\000n\000e\000u\000r\000o\000n}{section.4.2}% 9
\BOOKMARK [0][-]{chapter.5}{\376\377\000O\000u\000r\000\040\000A\000p\000p\000r\000o\000a\000c\000h}{part.1}% 10
\BOOKMARK [0][-]{chapter.6}{\376\377\000M\000e\000t\000h\000o\000d\000o\000l\000o\000g\000y}{part.1}% 11
\BOOKMARK [0][-]{chapter.7}{\376\377\000R\000e\000s\000u\000l\000t\000s}{part.1}% 12
\BOOKMARK [-1][-]{part.2}{\376\377\000I\000I\000\040\000D\000i\000s\000c\000u\000s\000s\000i\000o\000n}{}% 13
\BOOKMARK [0][-]{chapter.8}{\376\377\000M\000o\000d\000e\000l\000\040\000D\000i\000s\000c\000u\000s\000s\000i\000o\000n}{part.2}% 14
\BOOKMARK [1][-]{section.8.1}{\376\377\000F\000i\000t\000h\000u\000g\000h\000-\000N\000a\000g\000a\000m\000o}{chapter.8}% 15
\BOOKMARK [1][-]{section.8.2}{\376\377\000C\000h\000a\000y}{chapter.8}% 16
\BOOKMARK [1][-]{section.8.3}{\376\377\000H\000o\000d\000g\000k\000i\000n\000-\000H\000u\000x\000l\000e\000y}{chapter.8}% 17
\BOOKMARK [1][-]{section.8.4}{\376\377\000C\000h\000o\000i\000c\000e\000\040\000o\000f\000\040\000m\000o\000d\000e\000l}{chapter.8}% 18
\BOOKMARK [0][-]{chapter.9}{\376\377\000C\000o\000u\000p\000l\000i\000n\000g}{part.2}% 19
\BOOKMARK [0][-]{chapter.10}{\376\377\000C\000o\000n\000c\000l\000u\000s\000i\000o\000n}{part.2}% 20
\BOOKMARK [-1][-]{part*.4}{\376\377\000A\000p\000p\000e\000n\000d\000i\000x}{}% 21
\BOOKMARK [0][-]{section.Alph0.1}{\376\377\000I\000m\000a\000g\000e\000s}{part*.4}% 22
